<?xml version="1.0" encoding="UTF-8"?>
<!-- Generated by org.testng.reporters.JUnitReportReporter -->
<testsuite hostname="LAPTOP-UDTGMEGK" failures="0" tests="1" name="Programs.Boolean_Expressions" time="3.187" errors="0" timestamp="2023-07-30T21:13:11 IST" skipped="0">
  <testcase classname="Programs.Boolean_Expressions" name="otpions" time="3.187"/>
</testsuite> <!-- Programs.Boolean_Expressions -->
