<?xml version="1.0" encoding="UTF-8"?>
<!-- Generated by org.testng.reporters.JUnitReportReporter -->
<testsuite hostname="LAPTOP-UDTGMEGK" failures="0" tests="1" name="Programs.Frames" time="4.072" errors="0" timestamp="2023-07-31T21:32:07 IST" skipped="0">
  <testcase classname="Programs.Frames" name="clickable" time="4.072"/>
</testsuite> <!-- Programs.Frames -->
