<?xml version="1.0" encoding="UTF-8"?>
<!-- Generated by org.testng.reporters.JUnitReportReporter -->
<testsuite hostname="LAPTOP-UDTGMEGK" failures="0" tests="1" name="Programs.Autoit" time="3.179" errors="0" timestamp="2023-07-31T19:16:35 IST" skipped="0">
  <testcase classname="Programs.Autoit" name="chooseoption" time="3.179"/>
</testsuite> <!-- Programs.Autoit -->
