<?xml version="1.0" encoding="UTF-8"?>
<!-- Generated by org.testng.reporters.JUnitReportReporter -->
<testsuite hostname="LAPTOP-UDTGMEGK" failures="0" tests="1" name="Programs.ScrollBar_Element" time="0.085" errors="0" timestamp="2023-07-31T21:51:37 IST" skipped="0">
  <testcase classname="Programs.ScrollBar_Element" name="scrollclick" time="0.085"/>
</testsuite> <!-- Programs.ScrollBar_Element -->
